#
# A fatal error has been detected by the Java Runtime Environment:
#
#  EXCEPTION_ACCESS_VIOLATION (0xc0000005) at pc=0x0000000000000000, pid=4608, tid=0x0000000000000734
#
# JRE version: Java(TM) SE Runtime Environment (8.0_261-b12) (build 1.8.0_261-b12)
# Java VM: Java HotSpot(TM) 64-Bit Server VM (25.261-b12 mixed mode windows-amd64 compressed oops)
# Problematic frame:
# C  0x0000000000000000
#
# Failed to write core dump. Minidumps are not enabled by default on client versions of Windows
#
# If you would like to submit a bug report, please visit:
#   http://bugreport.java.com/bugreport/crash.jsp
# The crash happened outside the Java Virtual Machine in native code.
# See problematic frame for where to report the bug.
#

---------------  T H R E A D  ---------------

Current thread (0x0000022302419000):  JavaThread "Thread-1" [_thread_in_native, id=1844, stack(0x0000003b6b800000,0x0000003b6b900000)]

siginfo: ExceptionCode=0xc0000005, ExceptionInformation=0x0000000000000008 0x0000000000000000

Registers:
RAX=0x800000000001801b, RBX=0x0000000000000000, RCX=0x0000003b6b8fe5e0, RDX=0x0000000000000023
RSP=0x0000003b6b8fe5b8, RBP=0x0000022302a19dc0, RSI=0x0000003b6b8fec10, RDI=0x0000000000000000
R8 =0x800000000001801b, R9 =0x800000000000001b, R10=0x0000000000000000, R11=0x0000003b6b8fe5f4
R12=0x0000000000000000, R13=0x0000000000000000, R14=0x0000003b6b8fe8c0, R15=0x0000000000000000
RIP=0x0000000000000000, EFLAGS=0x0000000000010286

Top of Stack: (sp=0x0000003b6b8fe5b8)
0x0000003b6b8fe5b8:   00007ffdb86a7788 0000000000000000
0x0000003b6b8fe5c8:   0000000000000000 0000000000000002
0x0000003b6b8fe5d8:   0000000000000000 000000060000011c
0x0000003b6b8fe5e8:   0000000000000003 0000000000000000
0x0000003b6b8fe5f8:   0000000000000000 0000000000000000
0x0000003b6b8fe608:   0000000000000000 0000000000000000
0x0000003b6b8fe618:   0000000000000000 0000000000000000
0x0000003b6b8fe628:   0000000000000000 0000000000000000
0x0000003b6b8fe638:   0000000000000000 0000000000000000
0x0000003b6b8fe648:   0000000000000000 0000000000000000
0x0000003b6b8fe658:   0000000000000000 0000000000000000
0x0000003b6b8fe668:   0000000000000000 0000000000000000
0x0000003b6b8fe678:   0000000000000000 0000000000000000
0x0000003b6b8fe688:   0000000000000000 0000000000000000
0x0000003b6b8fe698:   0000000000000000 0000000000000000
0x0000003b6b8fe6a8:   0000000000000000 0000000000000000 

Instructions: (pc=0x0000000000000000)
0xffffffffffffffe0:   


Register to memory mapping:

RAX=0x800000000001801b is an unknown value
RBX=0x0000000000000000 is an unknown value
RCX=0x0000003b6b8fe5e0 is pointing into the stack for thread: 0x0000022302419000
RDX=0x0000000000000023 is an unknown value
RSP=0x0000003b6b8fe5b8 is pointing into the stack for thread: 0x0000022302419000
RBP=0x0000022302a19dc0 is an unknown value
RSI=0x0000003b6b8fec10 is pointing into the stack for thread: 0x0000022302419000
RDI=0x0000000000000000 is an unknown value
R8 =0x800000000001801b is an unknown value
R9 =0x800000000000001b is an unknown value
R10=0x0000000000000000 is an unknown value
R11=0x0000003b6b8fe5f4 is pointing into the stack for thread: 0x0000022302419000
R12=0x0000000000000000 is an unknown value
R13=0x0000000000000000 is an unknown value
R14=0x0000003b6b8fe8c0 is pointing into the stack for thread: 0x0000022302419000
R15=0x0000000000000000 is an unknown value


Stack: [0x0000003b6b800000,0x0000003b6b900000],  sp=0x0000003b6b8fe5b8,  free space=1017k
Native frames: (J=compiled Java code, j=interpreted, Vv=VM code, C=native code)

Java frames: (J=compiled Java code, j=interpreted, Vv=VM code)
j  org.lwjgl.system.JNI.invokeI(J)I+0
j  org.lwjgl.glfw.GLFW.glfwInit()Z+5
j  com.badlogic.gdx.backends.lwjgl3.Lwjgl3Application.initializeGlfw()V+31
j  com.badlogic.gdx.backends.lwjgl3.Lwjgl3Application.<init>(Lcom/badlogic/gdx/ApplicationListener;Lcom/badlogic/gdx/backends/lwjgl3/Lwjgl3ApplicationConfiguration;)V+69
j  com.alyrow.gdx.particle.tester.Tester.Test()V+68
j  com.alyrow.gdx.particle.physics.others.MappedFanVersusFan.test2()V+15
j  com.alyrow.gdx.particle.physics.others.MappedFanVersusFan$$Lambda$2.run()V+0
j  java.lang.Thread.run()V+11
v  ~StubRoutines::call_stub

---------------  P R O C E S S  ---------------

Java Threads: ( => current thread )
  0x000002236a011000 JavaThread "DestroyJavaVM" [_thread_blocked, id=15984, stack(0x0000003b6a300000,0x0000003b6a400000)]
=>0x0000022302419000 JavaThread "Thread-1" [_thread_in_native, id=1844, stack(0x0000003b6b800000,0x0000003b6b900000)]
  0x0000022302130800 JavaThread "Service Thread" daemon [_thread_blocked, id=14552, stack(0x0000003b6b500000,0x0000003b6b600000)]
  0x0000022300289000 JavaThread "C1 CompilerThread3" daemon [_thread_blocked, id=4132, stack(0x0000003b6b400000,0x0000003b6b500000)]
  0x0000022300285800 JavaThread "C2 CompilerThread2" daemon [_thread_in_native, id=880, stack(0x0000003b6b300000,0x0000003b6b400000)]
  0x0000022300282000 JavaThread "C2 CompilerThread1" daemon [_thread_blocked, id=14024, stack(0x0000003b6b200000,0x0000003b6b300000)]
  0x000002230027e000 JavaThread "C2 CompilerThread0" daemon [_thread_blocked, id=16356, stack(0x0000003b6b100000,0x0000003b6b200000)]
  0x0000022300276800 JavaThread "Attach Listener" daemon [_thread_blocked, id=17596, stack(0x0000003b6b000000,0x0000003b6b100000)]
  0x0000022300276000 JavaThread "Signal Dispatcher" daemon [_thread_blocked, id=3280, stack(0x0000003b6af00000,0x0000003b6b000000)]
  0x0000022300259800 JavaThread "Finalizer" daemon [_thread_blocked, id=17032, stack(0x0000003b6ae00000,0x0000003b6af00000)]
  0x0000022300251800 JavaThread "Reference Handler" daemon [_thread_blocked, id=18200, stack(0x0000003b6ad00000,0x0000003b6ae00000)]

Other Threads:
  0x0000022300229000 VMThread [stack: 0x0000003b6ac00000,0x0000003b6ad00000] [id=17924]
  0x0000022302153000 WatcherThread [stack: 0x0000003b6b600000,0x0000003b6b700000] [id=1644]

VM state:not at safepoint (normal execution)

VM Mutex/Monitor currently owned by a thread: None

heap address: 0x0000000081c00000, size: 2020 MB, Compressed Oops mode: 32-bit
Narrow klass base: 0x0000000000000000, Narrow klass shift: 3
Compressed class space size: 1073741824 Address: 0x0000000100000000

Heap:
 PSYoungGen      total 38400K, used 12701K [0x00000000d5f00000, 0x00000000d8980000, 0x0000000100000000)
  eden space 33280K, 38% used [0x00000000d5f00000,0x00000000d6b677d0,0x00000000d7f80000)
  from space 5120K, 0% used [0x00000000d8480000,0x00000000d8480000,0x00000000d8980000)
  to   space 5120K, 0% used [0x00000000d7f80000,0x00000000d7f80000,0x00000000d8480000)
 ParOldGen       total 87552K, used 0K [0x0000000081c00000, 0x0000000087180000, 0x00000000d5f00000)
  object space 87552K, 0% used [0x0000000081c00000,0x0000000081c00000,0x0000000087180000)
 Metaspace       used 6535K, capacity 6710K, committed 7040K, reserved 1056768K
  class space    used 696K, capacity 777K, committed 896K, reserved 1048576K

Card table byte_map: [0x000002237ada0000,0x000002237b1a0000] byte_map_base: 0x000002237a992000

Marking Bits: (ParMarkBitMap*) 0x0000000077f84fb0
 Begin Bits: [0x000002237b450000, 0x000002237d3e0000)
 End Bits:   [0x000002237d3e0000, 0x000002237f370000)

Polling page: 0x000002236a150000

CodeCache: size=245760Kb used=2650Kb max_used=2676Kb free=243109Kb
 bounds [0x000002236b9e0000, 0x000002236bc80000, 0x000002237a9e0000]
 total_blobs=1300 nmethods=517 adapters=696
 compilation: enabled

Compilation events (10 events):
Event: 0.307 Thread 0x0000022300289000  512       3       sun.reflect.UnsafeFieldAccessorFactory::newFieldAccessor (676 bytes)
Event: 0.308 Thread 0x0000022300289000 nmethod 512 0x000002236bc6b090 code [0x000002236bc6b680, 0x000002236bc6e2a0]
Event: 0.308 Thread 0x0000022300289000  513       3       sun.reflect.UnsafeQualifiedStaticIntegerFieldAccessorImpl::getInt (15 bytes)
Event: 0.308 Thread 0x0000022300289000 nmethod 513 0x000002236bc6fa10 code [0x000002236bc6fb60, 0x000002236bc6fcb8]
Event: 0.308 Thread 0x0000022300289000  515       3       java.nio.DirectByteBuffer::ix (10 bytes)
Event: 0.308 Thread 0x0000022300289000 nmethod 515 0x000002236bc6fd50 code [0x000002236bc6fea0, 0x000002236bc6fff8]
Event: 0.319 Thread 0x0000022300289000  516       3       sun.nio.cs.SingleByte$Encoder::encode (32 bytes)
Event: 0.319 Thread 0x0000022300289000 nmethod 516 0x000002236bc70090 code [0x000002236bc70200, 0x000002236bc70418]
Event: 0.320 Thread 0x0000022300289000  517       3       java.nio.charset.CoderResult::isUnderflow (13 bytes)
Event: 0.320 Thread 0x0000022300289000 nmethod 517 0x000002236bc70550 code [0x000002236bc706a0, 0x000002236bc70858]

GC Heap History (0 events):
No events

Deoptimization events (2 events):
Event: 0.138 Thread 0x0000022302418800 Uncommon trap: reason=null_check action=make_not_entrant pc=0x000002236bb4a7d4 method=java.lang.String.equals(Ljava/lang/Object;)Z @ 8
Event: 0.156 Thread 0x0000022302419000 Uncommon trap: reason=unstable_if action=reinterpret pc=0x000002236bb5f1c4 method=java.lang.String.indexOf([CII[CIII)I @ 134

Classes redefined (0 events):
No events

Internal exceptions (10 events):
Event: 0.292 Thread 0x0000022302419000 Exception <a 'java/security/PrivilegedActionException'> (0x00000000d6a79338) thrown at [C:\jenkins\workspace\8-2-build-windows-amd64-cygwin\jdk8u261\295\hotspot\src\share\vm\prims\jvm.cpp, line 1512]
Event: 0.292 Thread 0x0000022302419000 Exception <a 'java/security/PrivilegedActionException'> (0x00000000d6a79548) thrown at [C:\jenkins\workspace\8-2-build-windows-amd64-cygwin\jdk8u261\295\hotspot\src\share\vm\prims\jvm.cpp, line 1512]
Event: 0.300 Thread 0x0000022302419000 Exception <a 'java/security/PrivilegedActionException'> (0x00000000d6aba160) thrown at [C:\jenkins\workspace\8-2-build-windows-amd64-cygwin\jdk8u261\295\hotspot\src\share\vm\prims\jvm.cpp, line 1512]
Event: 0.300 Thread 0x0000022302419000 Exception <a 'java/security/PrivilegedActionException'> (0x00000000d6aba558) thrown at [C:\jenkins\workspace\8-2-build-windows-amd64-cygwin\jdk8u261\295\hotspot\src\share\vm\prims\jvm.cpp, line 1512]
Event: 0.304 Thread 0x0000022302418800 Exception <a 'sun/nio/fs/WindowsException'> (0x00000000d62ae3e8) thrown at [C:\jenkins\workspace\8-2-build-windows-amd64-cygwin\jdk8u261\295\hotspot\src\share\vm\prims\jni.cpp, line 710]
Event: 0.304 Thread 0x0000022302418800 Exception <a 'sun/nio/fs/WindowsException'> (0x00000000d62aea50) thrown at [C:\jenkins\workspace\8-2-build-windows-amd64-cygwin\jdk8u261\295\hotspot\src\share\vm\prims\jni.cpp, line 710]
Event: 0.316 Thread 0x0000022302418800 Exception <a 'java/security/PrivilegedActionException'> (0x00000000d62be6e8) thrown at [C:\jenkins\workspace\8-2-build-windows-amd64-cygwin\jdk8u261\295\hotspot\src\share\vm\prims\jvm.cpp, line 1512]
Event: 0.316 Thread 0x0000022302418800 Exception <a 'java/security/PrivilegedActionException'> (0x00000000d62be8f8) thrown at [C:\jenkins\workspace\8-2-build-windows-amd64-cygwin\jdk8u261\295\hotspot\src\share\vm\prims\jvm.cpp, line 1512]
Event: 0.317 Thread 0x0000022302418800 Exception <a 'java/security/PrivilegedActionException'> (0x00000000d62ca428) thrown at [C:\jenkins\workspace\8-2-build-windows-amd64-cygwin\jdk8u261\295\hotspot\src\share\vm\prims\jvm.cpp, line 1512]
Event: 0.317 Thread 0x0000022302418800 Exception <a 'java/security/PrivilegedActionException'> (0x00000000d62ca638) thrown at [C:\jenkins\workspace\8-2-build-windows-amd64-cygwin\jdk8u261\295\hotspot\src\share\vm\prims\jvm.cpp, line 1512]

Events (10 events):
Event: 0.317 loading class org/lwjgl/system/MultiReleaseTextDecoding done
Event: 0.319 loading class java/lang/Throwable$WrappedPrintStream
Event: 0.319 loading class java/lang/Throwable$PrintStreamOrWriter
Event: 0.319 loading class java/lang/Throwable$PrintStreamOrWriter done
Event: 0.319 loading class java/lang/Throwable$WrappedPrintStream done
Event: 0.319 loading class java/util/IdentityHashMap
Event: 0.319 loading class java/util/IdentityHashMap done
Event: 0.319 loading class java/util/IdentityHashMap$KeySet
Event: 0.320 loading class java/util/IdentityHashMap$KeySet done
Event: 0.320 Thread 0x0000022302418800 Thread exited: 0x0000022302418800


Dynamic libraries:
0x00007ff7caed0000 - 0x00007ff7caf17000 	C:\Program Files\Java\jdk1.8\bin\java.exe
0x00007ffdd1690000 - 0x00007ffdd1886000 	C:\WINDOWS\SYSTEM32\ntdll.dll
0x00007ffda8f00000 - 0x00007ffda8f12000 	C:\Program Files\AVG\Antivirus\aswhook.dll
0x00007ffdd0120000 - 0x00007ffdd01dd000 	C:\WINDOWS\System32\KERNEL32.DLL
0x00007ffdcede0000 - 0x00007ffdcf0a8000 	C:\WINDOWS\System32\KERNELBASE.dll
0x00007ffdd01e0000 - 0x00007ffdd028a000 	C:\WINDOWS\System32\ADVAPI32.dll
0x00007ffdd0d40000 - 0x00007ffdd0dde000 	C:\WINDOWS\System32\msvcrt.dll
0x00007ffdd0010000 - 0x00007ffdd00ab000 	C:\WINDOWS\System32\sechost.dll
0x00007ffdd0de0000 - 0x00007ffdd0f04000 	C:\WINDOWS\System32\RPCRT4.dll
0x00007ffdd0470000 - 0x00007ffdd0610000 	C:\WINDOWS\System32\USER32.dll
0x00007ffdcf300000 - 0x00007ffdcf322000 	C:\WINDOWS\System32\win32u.dll
0x00007ffdd0320000 - 0x00007ffdd034a000 	C:\WINDOWS\System32\GDI32.dll
0x00007ffdcf400000 - 0x00007ffdcf509000 	C:\WINDOWS\System32\gdi32full.dll
0x00007ffdcf1b0000 - 0x00007ffdcf24d000 	C:\WINDOWS\System32\msvcp_win.dll
0x00007ffdcf0b0000 - 0x00007ffdcf1b0000 	C:\WINDOWS\System32\ucrtbase.dll
0x00007ffdac420000 - 0x00007ffdac6bb000 	C:\WINDOWS\WinSxS\amd64_microsoft.windows.common-controls_6595b64144ccf1df_6.0.19041.488_none_ca04af081b815d21\COMCTL32.dll
0x00007ffdcf7d0000 - 0x00007ffdcf800000 	C:\WINDOWS\System32\IMM32.DLL
0x00007ffdc8dd0000 - 0x00007ffdc8de5000 	C:\Program Files\Java\jdk1.8\jre\bin\vcruntime140.dll
0x00007ffdafd80000 - 0x00007ffdafe1b000 	C:\Program Files\Java\jdk1.8\jre\bin\msvcp140.dll
0x0000000077790000 - 0x0000000077ffc000 	C:\Program Files\Java\jdk1.8\jre\bin\server\jvm.dll
0x00007ffdd0310000 - 0x00007ffdd0318000 	C:\WINDOWS\System32\PSAPI.DLL
0x00007ffdb5b80000 - 0x00007ffdb5b89000 	C:\WINDOWS\SYSTEM32\WSOCK32.dll
0x00007ffdd0cd0000 - 0x00007ffdd0d3b000 	C:\WINDOWS\System32\WS2_32.dll
0x00007ffdba340000 - 0x00007ffdba367000 	C:\WINDOWS\SYSTEM32\WINMM.dll
0x00007ffdc74e0000 - 0x00007ffdc74ea000 	C:\WINDOWS\SYSTEM32\VERSION.dll
0x00007ffdcd6f0000 - 0x00007ffdcd702000 	C:\WINDOWS\SYSTEM32\kernel.appcore.dll
0x00007ffdc9030000 - 0x00007ffdc9040000 	C:\Program Files\Java\jdk1.8\jre\bin\verify.dll
0x00007ffdc8a50000 - 0x00007ffdc8a7b000 	C:\Program Files\Java\jdk1.8\jre\bin\java.dll
0x00007ffdc8b30000 - 0x00007ffdc8b48000 	C:\Program Files\Java\jdk1.8\jre\bin\zip.dll
0x00007ffdd0f10000 - 0x00007ffdd1650000 	C:\WINDOWS\System32\SHELL32.dll
0x00007ffdcc100000 - 0x00007ffdcc894000 	C:\WINDOWS\SYSTEM32\windows.storage.dll
0x00007ffdcf860000 - 0x00007ffdcfbb5000 	C:\WINDOWS\System32\combase.dll
0x00007ffdce780000 - 0x00007ffdce7ac000 	C:\WINDOWS\SYSTEM32\Wldp.dll
0x00007ffdcfd70000 - 0x00007ffdcfe1e000 	C:\WINDOWS\System32\SHCORE.dll
0x00007ffdcf800000 - 0x00007ffdcf855000 	C:\WINDOWS\System32\shlwapi.dll
0x00007ffdced10000 - 0x00007ffdced36000 	C:\WINDOWS\SYSTEM32\profapi.dll
0x0000000065ac0000 - 0x0000000065aec000 	D:\AppData\Local\Temp\libgdxaniru\515ef75a\gdx64.dll
0x00007ffdc8a30000 - 0x00007ffdc8a4c000 	C:\Program Files\Java\jdk1.8\jre\bin\net.dll
0x00007ffdce500000 - 0x00007ffdce56a000 	C:\WINDOWS\system32\mswsock.dll
0x00007ffdc8a00000 - 0x00007ffdc8a13000 	C:\Program Files\Java\jdk1.8\jre\bin\nio.dll
0x00007ffdb8710000 - 0x00007ffdb8774000 	D:\AppData\Local\Temp\lwjglaniru\3.2.3-build-13\lwjgl.dll
0x00007ffd7da90000 - 0x00007ffd7dce3000 	D:\AppData\Local\Temp\lwjglaniru\3.2.3-build-13\jemalloc.dll
0x00007ffdb86a0000 - 0x00007ffdb8702000 	D:\AppData\Local\Temp\lwjglaniru\3.2.3-build-13\glfw.dll
0x00007ffdcb700000 - 0x00007ffdcb79f000 	C:\WINDOWS\system32\uxtheme.dll
0x00007ffdc8ae0000 - 0x00007ffdc8b25000 	C:\WINDOWS\SYSTEM32\dinput8.dll
0x00007ffdc9100000 - 0x00007ffdc9111000 	C:\WINDOWS\SYSTEM32\xinput1_4.dll
0x00007ffdcf330000 - 0x00007ffdcf37e000 	C:\WINDOWS\System32\cfgmgr32.dll
0x00007ffdceb40000 - 0x00007ffdceb6c000 	C:\WINDOWS\SYSTEM32\DEVOBJ.dll
0x00007ffdcbb40000 - 0x00007ffdcbb6f000 	C:\WINDOWS\SYSTEM32\dwmapi.dll
0x00007ffdb7970000 - 0x00007ffdb7ac2000 	C:\WINDOWS\SYSTEM32\inputhost.dll
0x00007ffdcf700000 - 0x00007ffdcf7cd000 	C:\WINDOWS\System32\OLEAUT32.dll
0x00007ffdcaed0000 - 0x00007ffdcafc2000 	C:\WINDOWS\SYSTEM32\CoreMessaging.dll
0x00007ffdcb5e0000 - 0x00007ffdcb6d7000 	C:\WINDOWS\SYSTEM32\PROPSYS.dll
0x00007ffdca040000 - 0x00007ffdca196000 	C:\WINDOWS\SYSTEM32\wintypes.dll
0x00007ffdcf380000 - 0x00007ffdcf3ff000 	C:\WINDOWS\System32\bcryptPrimitives.dll
0x00007ffdca7f0000 - 0x00007ffdcab4e000 	C:\WINDOWS\SYSTEM32\CoreUIComponents.dll
0x00007ffdcdb40000 - 0x00007ffdcdb73000 	C:\WINDOWS\SYSTEM32\ntmarta.dll
0x00007ffdd0bb0000 - 0x00007ffdd0cc5000 	C:\WINDOWS\System32\MSCTF.dll
0x00007ffdcc8a0000 - 0x00007ffdcc8ad000 	C:\WINDOWS\SYSTEM32\HID.DLL
0x00007ffdd0610000 - 0x00007ffdd0a77000 	C:\WINDOWS\System32\SETUPAPI.DLL
0x00007ffdcf510000 - 0x00007ffdcf537000 	C:\WINDOWS\System32\bcrypt.dll
0x00007ffdcf540000 - 0x00007ffdcf5a0000 	C:\WINDOWS\System32\WINTRUST.dll
0x00007ffdcf5a0000 - 0x00007ffdcf6fd000 	C:\WINDOWS\System32\CRYPT32.dll
0x00007ffdce960000 - 0x00007ffdce972000 	C:\WINDOWS\SYSTEM32\MSASN1.dll
0x00007ffdcd200000 - 0x00007ffdcd3e4000 	C:\WINDOWS\SYSTEM32\dbghelp.dll

VM Arguments:
jvm_args: -Dfile.encoding=windows-1252 -Duser.country=IN -Duser.language=en -Duser.variant 
java_command: com.alyrow.gdx.particle.physics.others.MappedFanVersusFan
java_class_path (initial): D:\Projects\GITHUB\box2d-light-particle\build\classes\java\test;D:\Projects\GITHUB\box2d-light-particle\build\resources\test;D:\Projects\GITHUB\box2d-light-particle\build\classes\java\main;D:\Projects\GITHUB\box2d-light-particle\build\resources\main;C:\Users\aniru\.gradle\caches\modules-2\files-2.1\com.badlogicgames.box2dlights\box2dlights\1.5\6902dbcd250c95a27973aa24a147a95b3828d348\box2dlights-1.5.jar;C:\Users\aniru\.gradle\caches\modules-2\files-2.1\com.badlogicgames.gdx\gdx-box2d\1.9.11\e0a73111a2bae182b2452b8b31cd7e79c9d06609\gdx-box2d-1.9.11.jar;C:\Users\aniru\.gradle\caches\modules-2\files-2.1\com.badlogicgames.gdx\gdx-backend-lwjgl3\1.9.11\9283f673c4be9fd83283e57b763356d41eeeef16\gdx-backend-lwjgl3-1.9.11.jar;C:\Users\aniru\.gradle\caches\modules-2\files-2.1\com.badlogicgames.gdx\gdx\1.9.11\69fe46897eed6f92e3f01b75cc7ca5f860881a8b\gdx-1.9.11.jar;C:\Users\aniru\.gradle\caches\modules-2\files-2.1\com.badlogicgames.gdx\gdx-jnigen\1.9.9\b2f322689cc3e4b14d49d4ea927538262c8ac1ab\gdx-jnigen-1.9.9.jar;C:\Users\aniru\.gradle\caches\modules-2\files-2.1\junit\junit\4.12\2973d150c0dc1fefe998f834810d68f278ea58ec\junit-4.12.jar;C:\Users\aniru\.gradle\caches\modules-2\files-2.1\com.badlogicgames.gdx\gdx-platform\1.9.11\2de1e7285bec0aac89b4d3e55ac33a9f22016f42\gdx-platform-1.9.11-natives-desktop.jar;C:\Users\aniru\.gradle\caches\modules-2\files-2.1\com.badlogicgames.gdx\gdx-box2d-platform\1.9.11\52f90a68c9f2ca6d159c5405b6d0bd68db160cb2\gdx-box2d-platform-1.9.11-natives-desktop.jar;C:\Users\aniru\.gradle\caches\modules-2\files-2.1\com.github.javaparser\javaparser-core\2.3.0\a0ff6b83141734b4f7df2c1a7b0fa2ad5dc67523\javaparser-core-2.3.0.jar;C:\Users\aniru\.gradle\caches\modules-2\files-2.1\org.hamcrest\hamcrest-core\1.3\42a25dc3219429f0e5d060061f71acb49bf010a0\hamcrest-core-1.3.jar;C:\Users\aniru\.gradle\caches\modules-2\files-2.1\org.lwjgl\lwjgl-glfw\3.2.3\5e520d5c290c8b012545a8d34fa5db5ab051ea53\lwjgl-glfw-3.2.3.jar;C:\Users\aniru\.gradle\caches
Launcher Type: SUN_STANDARD

Environment Variables:
JAVA_HOME=C:\Program Files\Java\jdk1.8
CLASSPATH=C:\Program Files\Java\jdk-11.0.3\lib
PATH=C:\Program Files\Java\jdk1.8\bin;C:\ActiveTcl\bin;C:\Program Files (x86)\Common Files\Intel\Shared Files\cpp\bin\Intel64;C:\WINDOWS\system32;C:\WINDOWS;C:\WINDOWS\System32\Wbem;C:\WINDOWS\System32\WindowsPowerShell\v1.0\;C:\WINDOWS\System32\OpenSSH\;C:\Program Files\Git\cmd;C:\Users\aniru\AppData\Local\Android\Sdk\tools;C:\Users\aniru\AppData\Local\Android\Sdk\platform-tools;C:\Program Files (x86)\Windows Kits\8.1\Windows Performance Toolkit\;C:\ProgramData\chocolatey\bin;C:\Program Files\dotnet\;C:\Program Files\Microsoft SQL Server\120\Tools\Binn\;C:\Octave\Octave-5.2.0\mingw64\bin;C:\Program Files (x86)\Common Files\Intel\Shared Libraries\redist\intel64_win\compiler;C:\Users\aniru\AppData\Local\GitHubDesktop\bin;C:\Gradle\gradle-5.6.2\bin;D:\Applications\PHP;D:\Applications\portaudio\portaudio-r1891-build\lib\x64\ReleaseMinDependency;C:\Users\aniru\AppData\Local\Microsoft\WindowsApps;C:\jython2.7.1\bin;C:\Users\aniru\AppData\Local\Programs\Microsoft VS Code\bin;D:\CustomCommands;C:\ProgramData\Anaconda3;C:\Program Files (x86)\Graphviz2.38\bin;D:\AppData\Roaming\npm;D:\Applications\nodejs;D:\Program Files (x86)\Jar2Exe Wizard\;D:\Applications\Qt\Tools\QtCreator\bin;D:\AppData\Roaming\cabal\bin;C:\ProgramData\chocolatey\lib\ghc\tools\ghc-8.10.1\bin;C:\Users\aniru\.dotnet\tools;C:\Program Files\heroku\bin
USERNAME=aniru
OS=Windows_NT
PROCESSOR_IDENTIFIER=Intel64 Family 6 Model 142 Stepping 12, GenuineIntel



---------------  S Y S T E M  ---------------

OS: Windows 10.0 , 64 bit Build 19041 (10.0.19041.546)

CPU:total 8 (initial active 8) (4 cores per cpu, 2 threads per core) family 6 model 142 stepping 12, cmov, cx8, fxsr, mmx, sse, sse2, sse3, ssse3, sse4.1, sse4.2, popcnt, avx, avx2, aes, clmul, erms, 3dnowpref, lzcnt, ht, tsc, tscinvbit, bmi1, bmi2, adx

Memory: 4k page, physical 8266420k(1008044k free), swap 12460724k(2651408k free)

vm_info: Java HotSpot(TM) 64-Bit Server VM (25.261-b12) for windows-amd64 JRE (1.8.0_261-b12), built on Jun 18 2020 06:56:32 by "" with unknown MS VC++:1916

time: Mon Nov  9 13:56:30 2020
timezone: India Standard Time
elapsed time: 0 seconds (0d 0h 0m 0s)

